1 21:48:16.837 15990 [INFO ] [Thread-3] client.viewmodel.ViewModelRobotSelection.robotAccepted(ViewModelRobotSelection.java:131) - Selection accepted.
3 21:48:21.508 20661 [DEBUG] [Thread-3] game.board.Board.createBoard(Board.java:86) - Board mit größe (13, 10) erstellt!
5 21:48:21.683 20836 [INFO ] [Thread-3] client.ui.PlayerGameInfo.loadPlayerInfo(PlayerGameInfo.java:40) - 2
7 21:48:22.340 30014 [DEBUG] [Thread-3] client.connection.Client$ReadMessagesFromServer.run(Client.java:352) - active Phase: 0
9 21:48:29.015 36689 [DEBUG] [JavaFX Application Thread] client.viewmodel.ViewModelGameWindow.lambda$selectStarttile$4(ViewModelGa11 21:48:30.368 29521 [DEBUG] [Thread-3] client.connection.Client$ReadMessagesFromServer.run(Client.java:417) - StartingPointTaken message: 1 1
13 21:48:30.375 29528 [DEBUG] [JavaFX Application Thread] client.viewmodel.ViewModelGameWindow.lambda$robotSetPosition$5(ViewModelGameWindow.java:815) - In viewModel - X: 1 | Y: 1
15 21:48:30.375 29528 [DEBUG] [JavaFX Application Thread] client.viewmodel.ViewModelGameWindow.lambda$robotSetPosition$5(ViewModelGameWindow.java:828) - direction: EAST
17 21:48:30.375 29528 [DEBUG] [JavaFX Application Thread] client.viewmodel.ViewModelGameWindow.lambda$robotSetPosition$5(ViewModelGameWindow.java:829) - RobotID in viewModel: 5
19 21:49:00.804 59957 [DEBUG] [Thread-3] client.connection.Client$ReadMessagesFromServer.run(Client.java:417) - StartingPointTaken message: 0 3
21 21:49:00.805 59958 [DEBUG] [JavaFX Application Thread] client.viewmodel.ViewModelGameWindow.lambda$robotSetPosition$5(ViewModelGameWindow.java:815) - In viewModel - X: 0 | Y: 3
23 21:49:00.805 59958 [DEBUG] [JavaFX Application Thread] client.viewmodel.ViewModelGameWindow.lambda$robotSetPosition$5(ViewModelGameWindow.java:828) - direction: EAST
25 21:49:00.805 59958 [DEBUG] [JavaFX Application Thread] client.viewmodel.ViewModelGameWindow.lambda$robotSetPosition$5(ViewModelGameWindow.java:829) - RobotID in viewModel: 1
27 21:49:00.918 60071 [DEBUG] [Thread-3] client.connection.Client$ReadMessagesFromServer.run(Client.java:352) - active Phase: 2
29 21:49:01.131 60284 [DEBUG] [Thread-3] client.connection.Client$ReadMessagesFromServer.run(Client.java:381) - NotYourCards: -Amount of cards: 0
31 21:49:01.234 60387 [DEBUG] [Thread-3] client.connection.Client$ReadMessagesFromServer.run(Client.java:381) - NotYourCards: -Amount of cards: 0
33 21:49:01.234 60387 [DEBUG] [JavaFX Application Thread] client.model.ModelGame$1.onChanged(ModelGame.java:91) - changed list
35 21:49:01.235 60388 [DEBUG] [JavaFX Application Thread] client.viewmodel.ViewModelGameWindow.fillHandCards(ViewModelGameWindow.java:914) - VM - fillHandCards Start:
37 21:49:01.235 60388 [DEBUG] [JavaFX Application Thread] client.connection.Client$ReadMessagesFromServer.lambda$run$9(Client.java:373) - Client - cardsInHand: BackUp
39 21:49:01.235 60388 [DEBUG] [JavaFX Application Thread] client.connection.Client$ReadMessagesFromServer.lambda$run$9(Client.java:373) - Client - cardsInHand: TurnRight
41 21:49:01.235 603853 21:49:14.427 86465 [DEBUG] [Thread-7] server.connection.HandleClient.run(HandleClient.java:248) - MoveI
55 21:49:15.225 87263 [DEBUG] [Thread-7] server.connection.HandleClient.run(HandleClient.java:248) - TurnLeft
57 21:49:16.508 88546 [DEBUG] [Thread-7] server.connection.HandleClient.run(HandleClient.java:248) - MoveII
59 21:49:17.354 89392 [DEBUG] [Thread-7] server.connection.HandleClient.run(HandleClient.java:248) - TurnRight
61 21:49:18.508 90546 [DEBUG] [Thread-7] server.connection.HandleClient.run(HandleClient.java:248) - MoveII
63 21:49:32.302 104340 [DEBUG] [Thread-6] server.connection.HandleClient.run(HandleClient.java:248) - MoveII
65 21:49:32.989 105027 [DEBUG] [Thread-6] server.connection.HandleClient.run(HandleClient.java:248) - MoveI
67 21:49:33.790 105828 [DEBUG] [Thread-6] server.connection.HandleClient.run(HandleClient.java:248) - TurnRight
69 21:49:34.747 106785 [DEBUG] [Thread-6] server.connection.HandleClient.run(HandleClient.java:248) - BackUp
71 21:49:36.133 108171 [DEBUG] [Thread-6] server.connection.HandleClient.run(HandleClient.java:248) - TurnLeft
73 21:49:36.158 108196 [INFO ] [Thread-3] game.CustomTimer.cancel(CustomTimer.java:62) - Timer cancelled
75 21:49:36.258 108296 [INFO ] [Thread-3] game.Game.runActivationPhase(Game.java:549) - This game is running the Activation Phase now
77 21:49:36.361 108399 [DEBUG] [Thread-3] game.Game.runActivationPhase(Game.java:556) - Current register = 0
79 21:49:41.967 114005 [INFO ] [Thread-3] game.Game.runActivationPhase(Game.java:582) - Applying tile effects
81 21:49:45.476 117514 [DEBUG] [Thread-3] game.Game.runActivationPhase(Game.java:556) - Current register = 1
83 21:49:50.081 122119 [INFO ] [Thread-3] game.Game.runActivationPhase(Game.java:582) - Applying tile effects
85 21:49:53.584 125622 [DEBUG] [Thread-3] game.Game.runActivationPhase(Game.java:556) - Current register = 2
87 21:49:56.088 128126 [INFO ] [Thread-3] game.Game.reboot(Game.java:714) - Reboot under way
89 21:49:56.088 128126 [INFO ] [Thread-3] game.Game.drawDamageCards(Game.java:235) - Spam added
91 21:49:56.088 128126 [INFO ] [Thread-3] game.Game.drawDamageCards(Game.java:235) - Spam added
93 21:49:58.992 131030 [INFO ] [Thread-3] game.Game.runActivationPhase(Game.java:582) - Applying tile effects
95 21:50:02.496 134534 [DEBUG] [Thread-3] game.Game.runActivationPhase(Game.java:556) - Current register = 3
97 21:50:03.504 135542 [DEBUG] [Thread-3] game.Game.activateRegister(Game.java:596) - No card in register3
99 21:50:06.605 138643 [INFO ] [Thread-3] game.Game.runActivationPhase(Game.java:582) - Applying tile effects
101 21:50:10.107 142145 [DEBUG] [Thread-3] game.Game.runActivationPhase(Game.java:556) - Current register = 4
103 21:50:11.108 143146 [DEBUG] [Thread-3] game.Game.activateRegister(Game.java:596) - No card in register4
105 21:50:14.209 146247 [INFO ] [Thread-3] game.Game.runActivationPhase(Game.java:582) - Applying tile effects
107 21:50:17.713 149751 [DEBUG] [Thread-3] game.Game.runProgrammingPhase(Game.java:507) - Server sent the active phase (value=2) to the players
109 21:50:17.814 149852 [DEBUG] [Thread-3] game.Game.runProgrammingPhase(Game.java:514) - Player gwet draws now.
111 21:50:17.814 149852 [DEBUG] [Thread-3] game.Game.runProgrammingPhase(Game.java:516) - Player gwet has drawn.
113 21:50:17.916 149954 [DEBUG] [Thread-3] game.Game.runProgrammingPhase(Game.java:520) - Server sent hand cards to gwet
115 21:50:17.917 149955 [DEBUG] [Thread-3] game.Game.runProgrammingPhase(Game.java:514) - Player gert draws now.
117 21:50:17.917 149955 [DEBUG] [Thread-3] game.Game.runProgrammingPhase(Game.java:516) - Player gert has drawn.
119 21:50:18.019 150057 [DEBUG] [Thread-3] game.Game.runProgrammingPhase(Game.java:520) - Server sent hand cards to gert
121 21:50:32.678 164716 [WARN ] [pool-4-thread-1] server.connection.HandleClient.aliveMessage(HandleClient.java:118) - Client 2 couldn't be reached
An exception occurred: java.net.SocketException: Connection reset by peer
123 21:50:36.831 168869 [WARN ] [pool-3-thread-1] server.connection.HandleClient.aliveMessage(HandleClient.java:118) - Client 1 couldn't be reached
An exception occurred: java.net.SocketException: Connection reset by peer
125 21:50:37.681 169719 [WARN ] [pool-4-thread-1] server.connection.HandleClient.write(HandleClient.java:106) - An error occurred: java.net.SocketException: Connection reset by peer
andCards$6(ViewModelGameWindow.java:1062) - VM - handpane now contains: [ImageView[id=TurnRight, styleClass=image-view]]
93 21:49:01.311 60464 [DEBUG] [JavaFX Application Thread] client.viewmodel.ViewModelGameWindow.lambda$fillHandCards$6(ViewModelGameWindow.java:1059) - Pane[id=programCard5]
95 21:49:01.311 60464 [DEBUG] [JavaFX Application Thread] client.viewmodel.ViewModelGameWindow.lambda$fillHandCards$6(ViewModelGameWindow.java:1062) - VM - handpane now contains: [ImageView[id=TurnLeft, styleClass=image-view]]
97 21:49:01.311 60464 [DEBUG] [JavaFX Application Thread] client.viewmodel.ViewModelGameWindow.lambda$fillHandCards$6(ViewModelGameWindow.java:1059) - Pane[id=programCard6]
99 21:49:01.311 60464 [DEBUG] [JavaFX Application Thread] client.viewmodel.ViewModelGameWindow.lambda$fillHandCards$6(ViewModelGameWindow.java:1062) - VM - handpane now contains: [ImageView[id=MoveII, styleClass=image-view]]
101 21:49:01.311 60464 [DEBUG] [JavaFX Application Thread] client.viewmodel.ViewModelGameWindow.lambda$fillHandCards$6(ViewModelGameWindow.java:1059) - Pane[id=programCard7]
103 21:49:01.311 60464 [DEBUG] [JavaFX Application Thread] client.viewmodel.ViewModelGameWindow.lambda$fillHandCards$6(ViewModelGameWindow.java:1062) - VM - handpane now contains: [ImageView[id=MoveI, styleClass=image-view]]
105 21:49:01.312 60465 [DEBUG] [JavaFX Application Thread] client.viewmodel.ViewModelGameWindow.lambda$fillHandCards$6(ViewModelGameWindow.java:1059) - Pane[id=programCard8]
107 21:49:01.312 60465 [DEBUG] [JavaFX Application Thread] client.viewmodel.ViewModelGameWindow.lambda$fillHandCards$6(ViewModelGameWindow.java:1062) - VM - handpane now contains: [ImageView[id=PowerUp, styleClass=image-view]]
109 21:49:01.312 60465 [DEBUG] [JavaFX Application Thread] client.viewmodel.ViewModelGameWindow.lambda$fillHandCards$6(ViewModelGameWindow.java:1059) - Pane[id=programCard9]
111 21:49:01.312 60465 [DEBUG] [JavaFX Application Thread] client.viewmodel.ViewModelGameWindow.lambda$fillHandCards$6(ViewModelGameWindow.java:1062) - VM - handpane now contains: [ImageView[id=MoveI, styleClass=image-view]]
113 21:49:01.312 60465 [DEBUG] [JavaFX Application Thread] client.viewmodel.ViewModelGameWindow.lambda$fillHandCards$6(ViewModelGameWindow.java:1059) - Pane[id=programCard10]
115 21:49:01.312 60465 [DEBUG] [JavaFX Application Thread] client.viewmodel.ViewModelGameWindow.lambda$fillHandCards$6(ViewModelGameWindow.java:1062) - VM - handpane now contains: []
117 21:49:01.312 60465 [DEBUG] [JavaFX Application Thread] client.viewmodel.ViewModelGameWindow.lambda$fillHandCards$6(ViewModelGameWindow.java:1059) - Pane[id=programCard11]
119 21:49:01.313 60466 [DEBUG] [JavaFX Application Thread] client.viewmodel.ViewModelGameWindow.lambda$fillHandCards$6(ViewModelGameWindow.java:1062) - VM - handpane now contains: []
121 21:49:01.313 60466 [DEBUG] [JavaFX Application Thread] client.viewmodel.ViewModelGameWindow.lambda$fillHandCards$6(ViewModelGameWindow.java:1059) - Pane[id=programCard12]
123 21:49:01.313 60466 [DEBUG] [JavaFX Application Thread] client.viewmodel.ViewModelGameWindow.lambda$fillHandCards$6(ViewModelGameWindow.java:1062) - VM - handpane now contains: []
125 21:49:01.313 60466 [DEBUG] [JavaFX Application Thread] client.viewmodel.ViewModelGameWindow.lambda$fillHandCards$6(ViewModelGameWindow.java:1059) - Pane[id=programCard13]
127 21:49:01.313 60466 [DEBUG] [JavaFX Application Thread] client.viewmodel.ViewModelGameWindow.lambda$fillHandCards$6(ViewModelGameWindow.java:1062) - VM - handpane now contains: []
129 21:49:01.313 60466 [DEBUG] [JavaFX Application Thread] client.viewmodel.ViewModelGameWindow.lambda$fillHandCards$6(ViewModelGameWindow.java:1059) - Pane[id=programCard14]
131 21:49:01.314 60467 [DEBUG] [JavaFX Application Thread] client.viewmodel.ViewModelGameWindow.lambda$fillHandCards$6(ViewModelGameWindow.java:1062) - VM - handpane now contains: []
133 21:49:01.314 60467 [DEBUG] [JavaFX Application Thread] client.viewmodel.ViewModelGameWindow.lambda$fillHandCards$6(ViewModelGameWindow.java:1059) - Pane[id=programCard15]
135 21:49:01.314 60467 [DEBUG] [JavaFX Application Thread] client.viewmodel.ViewModelGameWindow.lambda$fillHandCards$6(ViewModelGameWindow.java:1062) - VM - handpane now contains: []
137 21:49:01.314 60467 [DEBUG] [JavaFX Application Thread] client.viewmodel.ViewModelGameWindow.lambda$fillHandCards$6(ViewModelGameWindow.java:1059) - Pane[id=programCard16]
139 21:49:01.314 60467 [DEBUG] [JavaFX Application Thread] client.viewmodel.ViewModelGameWindow.lambda$fillHandCards$6(ViewModelGameWindow.java:1062) - VM - handpane now contains: []
141 21:49:01.314 60467 [DEBUG] [JavaFX Application Thread] client.viewmodel.ViewModelGameWindow.lambda$fillHandCards$6(ViewModelGameWindow.java:1059) - Pane[id=programCard17]
143 21:49:01.314 60467 [DEBUG] [JavaFX Application Thread] client.viewmodel.ViewModelGameWindow.lambda$fillHandCards$6(ViewModelGameWindow.java:1062) - VM - handpane now contains: []
145 21:49:01.315 60468 [DEBUG] [JavaFX Application Thread] client.viewmodel.ViewModelGameWindow.lambda$fillHandCards$6(ViewModelGameWindow.java:1059) - Pane[id=programCard18]
147 21:49:01.315 60468 [DEBUG] [JavaFX Application Thread] client.viewmodel.ViewModelGameWindow.lambda$fillHandCards$6(ViewModelGameWindow.java:1062) - VM - handpane now contains: []
149 21:49:01.315 60468 [DEBUG] [JavaFX Application Thread] client.viewmodel.ViewModelGameWindow.lambda$fillHandCards$6(ViewModelGameWindow.java:1059) - Pane[id=programCard19]
151 21:49:01.315 60468 [DEBUG] [JavaFX Application Thread] client.viewmodel.ViewModelGameWindow.lambda$fillHandCards$6(ViewModelGameWindow.java:1062) - VM - handpane now contains: []
153 21:49:01.315 60468 [DEBUG] [JavaFX Application Thread] client.viewmodel.ViewModelGameWindow.lambda$fillHandCards$6(ViewModelGameWindow.java:1059) - Pane[id=programCard20]
155 21:49:01.315 60468 [DEBUG] [JavaFX Application Thread] client.viewmodel.ViewModelGameWindow.lambda$fillHandCards$6(ViewModelGameWindow.java:1062) - VM - handpane now contains: []
157 21:49:13.932 73085 [DEBUG] [JavaFX Application Thread] client.viewmodel.ViewModelGameWindow$8.handle(ViewModelGameWindow.java:1216) - Element from Column 6
159 21:159 21:49:14.428 82102 [DEBUG] [Thread-3] client.connection.Client$ReadMessagesFromServer.run(Client.java:394) - card selected: null
161 21:49:15.225 82899 [DEBUG] [Thread-3] client.connection.Client$ReadMessagesFromServer.run(Client.java:394) - card selected: null
163 21:49:16.509 84183 [DEBUG] [Thread-3] client.connection.Client$ReadMessagesFromServer.run(Client.java:394) - card selected: null
165 21:49:17.355 85029 [DEBUG] [Thread-3] client.connection.Client$ReadMessagesFromServer.run(Client.java:394) - card selected: null
167 21:49:18.508 86182 [DEBUG] [Thread-3] client.connection.Client$ReadMessagesFromServer.run(Client.java:394) - card selected: null
169 21:49:18.611 86285 [DEBUG] [Thread-3] client.connection.Client$ReadMessagesFromServer.run(Client.java:441) - timer started
171 21:49:18.611 86285 [DEBUG] [Thread-3] client.model.ModelGame$5.changed(ModelGame.java:148) - timer triggered
173 21:49:18.612 86286 [DEBUG] [Thread-3] client.model.ModelGame$5.changed(ModelGame.java:150) - client timerproperty POSITIVE: true
175 21:49:31.913 99587 [DEBUG] [JavaFX Application Thread] client.viewmodel.ViewModelGameWindow$8.handle(ViewModelGameWindow.java:1216) - Element from Column 2
177 21:49:32.201 99875 [DEBUG] [JavaFX Application Thread] client.viewmodel.ViewModelGameWindow$12.handle(ViewModelGameWindow.java:1270) - setOnDragDropped - Content of Target: []
179 21:49:32.201 99875 [DEBUG] [JavaFX Application Thread] client.viewmodel.ViewModelGameWindow$12.handle(ViewModelGameWindow.java:1274) - setOnDragDropped - ColumnIndex of Target: 0
181 21:49:32.302 99976 [DEBUG] [JavaFX Application Thread] client.connection.Client.sendSelectedCard(Client.java:544) - Selected card: MoveII and register: 1
183 21:49:32.302 99976 [DEBUG] [JavaFX Application Thread] client.viewmodel.ViewModelGameWindow$12.handle(ViewModelGameWindow.java:1289) - setOnDragDropped - SendSelectedCard sent: MoveII | Register: 1
185 21:49:32.303 99977 [DEBUG] [Thread-3] client.connection.Client$ReadMessagesFromServer.run(Client.java:394) - card selected: null
187 21:49:32.620 100294 [DEBUG] [JavaFX Application Thread] client.viewmodel.ViewModelGameWindow$8.handle(ViewModelGameWindow.java:1216) - Element from Column 1
189 21:49:32.888 100562 [DEBUG] [JavaFX Application Thread] client.viewmodel.ViewModelGameWindow$12.handle(ViewModelGameWindow.java:1270) - setOnDragDropped - Content of Target: []
191 21:49:32.888 100562 [DEBUG] [JavaFX Application Thread] client.viewmodel.ViewModelGameWindow$12.handle(ViewModelGameWindow.java:1274) - setOnDragDropped - ColumnIndex of Target: 1
193 21:49:32.989 100663 [DEBUG] [JavaFX Application Thread] client.connection.Client.sendSelectedCard(Client.java:544) - Selected card: MoveI and register: 2
195 21:49:32.989 100663 [DEBUG] [JavaFX Application Thread] client.viewmodel.ViewModelGameWindow$12.handle(ViewModelGameWindow.java:1289) - setOnDragDropped - SendSelectedCard sent: MoveI | Register: 2
197 21:49:32.990 100664 [DEBUG] [Thread-3] client.connection.Client$ReadMessagesFromServer.run(Client.java:394) - card selected: null
199 21:49:33.342 101016 [DEBUG] [JavaFX Application Thread] client.viewmodel.ViewModelGameWindow$8.handle(ViewModelGameWindow.java:1216) - Element from Column 4
201 21:49:33.687 101361 [DEBUG] [JavaFX Application Thread] client.viewmodel.ViewModelGameWindow$12.handle(ViewModelGameWindow.java:1270) - setOnDragDropped - Content of Target: []
203 21:49:33.688 101362 [DEBUG] [JavaFX Application Thread] client.viewmodel.ViewModelGameWindow$12.handle(ViewModelGameWindow.java:1274) - setOnDragDropped - ColumnIndex of Target: 2
205 21:49:33.790 101464 [DEBUG] [JavaFX Application Thread] client.connection.Client.sendSelectedCard(Client.java:544) - Selected card: TurnRight and register: 3
207 21:49:33.790 101464 [DEBUG] [JavaFX Application Thread] client.viewmodel.ViewModelGameWindow$12.handle(ViewModelGameWindow.java:1289) - setOnDragDropped - SendSelectedCard sent: TurnRight | Register: 3
209 21:49:33.790 101464 [DEBUG] [Thread-3] client.connection.Client$ReadMessagesFromServer.run(Client.java:394) - card selected: null
211 21:49:34.218 101892 [DEBUG] [JavaFX Application Thread] client.viewmodel.ViewModelGameWindow$8.handle(ViewModelGameWindow.java:1216) - Element from Column 5
213 21:49:34.645 102319 [DEBUG] [JavaFX Application Thread] client.viewmodel.ViewModelGameWindow$12.handle(ViewModelGameWindow.java:1270) - setOnDragDropped - Content of Target: []
215 21:49:34.646 102320 [DEBUG] [JavaFX Application Thread] client.viewmodel.ViewModelGameWindow$12.handle(ViewModelGameWindow.java:1274) - setOnDragDropped - ColumnIndex of Target: 3
217 21:49:34.746 102420 [DEBUG] [JavaFX Application Thread] client.connection.Client.sendSelectedCard(Client.java:544) - Selected card: BackUp and register: 4
219 21:49:34.747 102421 [DEBUG] [JavaFX Application Thread] client.viewmodel.ViewModelGameWindow$12.handle(ViewModelGameWindow.java:1289) - setOnDragDropped - SendSelectedCard sent: BackUp | Register: 4
221 21:49:34.747 102421 [DEBUG] [Thread-3] client.connection.Client$ReadMessagesFromServer.run(Client.java:394) - card selected: null
223 21:49:35.541 103215 [DEBUG] [JavaFX Application Thread] client.viewmodel.ViewModelGameWindow$8.handle(ViewModelGameWindow.java:1216) - Element from Column 6
225 21:49:36.032 103706 [DEBUG] [JavaFX Application Thread] client.viewmodel.ViewModelGameWindow$12.handle(ViewModelGameWindow.java:1270) - setOnDragDropped - Content of Target: []
227 21:49:36.032 103706 [DEBUG] [JavaFX Application Thread] client.viewmodel.ViewModelGameWindow$12.handle(ViewModelGameWindow.java:1274) - setOnDragDropped - ColumnIndex of Target: 4
229 21:49:36.133 103807 [DEBUG] [JavaFX Application Thread] client.connection.Client.sendSelectedCard(Client.java:544) - Selected card: TurnLeft and register: 5
231 21:49:36.13231 21:49:36.134 95287 [DEBUG] [Thread-3] client.connection.Client$ReadMessagesFromServer.run(Client.java:394) - card selected: null
233 21:49:36.259 95412 [DEBUG] [Thread-3] client.connection.Client$ReadMessagesFromServer.run(Client.java:352) - active Phase: 3
235 21:49:37.366 96519 [DEBUG] [Thread-3] client.connection.Client$ReadMessagesFromServer.run(Client.java:422) - Movement message: communication.Message@45c21de4
237 21:49:37.366 96519 [DEBUG] [JavaFX Application Thread] client.viewmodel.ViewModelGameWindow.lambda$robotSetPosition$5(ViewModelGameWindow.java:815) - In viewModel - X: 1 | Y: 3
239 21:49:37.367 96520 [DEBUG] [JavaFX Application Thread] client.viewmodel.ViewModelGameWindow.lambda$robotSetPosition$5(ViewModelGameWindow.java:828) - direction: EAST
241 21:49:37.367 96520 [DEBUG] [JavaFX Application Thread] client.viewmodel.ViewModelGameWindow.lambda$robotSetPosition$5(ViewModelGameWindow.java:829) - RobotID in viewModel: 1
243 21:49:37.866 97019 [DEBUG] [Thread-3] client.connection.Client$ReadMessagesFromServer.run(Client.java:422) - Movement message: communication.Message@63e53aa4
245 21:49:37.866 97019 [DEBUG] [JavaFX Application Thread] client.viewmodel.ViewModelGameWindow.lambda$robotSetPosition$5(ViewModelGameWindow.java:815) - In viewModel - X: 2 | Y: 3
247 21:49:37.866 97019 [DEBUG] [JavaFX Application Thread] client.viewmodel.ViewModelGameWindow.lambda$robotSetPosition$5(ViewModelGameWindow.java:828) - direction: EAST
249 21:49:37.867 97020 [DEBUG] [JavaFX Application Thread] client.viewmodel.ViewModelGameWindow.lambda$robotSetPosition$5(ViewModelGameWindow.java:829) - RobotID in viewModel: 1
251 21:49:39.367 98520 [DEBUG] [Thread-3] client.connection.Client$ReadMessagesFromServer.run(Client.java:422) - Movement message: communication.Message@71f7ef69
253 21:49:39.367 98520 [DEBUG] [JavaFX Application Thread] client.viewmodel.ViewModelGameWindow.lambda$robotSetPosition$5(ViewModelGameWindow.java:815) - In viewModel - X: 2 | Y: 1
255 21:49:39.367 98520 [DEBUG] [JavaFX Application Thread] client.viewmodel.ViewModelGameWindow.lambda$robotSetPosition$5(ViewModelGameWindow.java:828) - direction: EAST
257 21:49:39.367 98520 [DEBUG] [JavaFX Application Thread] client.viewmodel.ViewModelGameWindow.lambda$robotSetPosition$5(ViewModelGameWindow.java:829) - RobotID in viewModel: 5
259 21:49:39.867 99020 [DEBUG] [Thread-3] client.viewmodel.ViewModelGameWindow.handleGameEvent(ViewModelGameWindow.java:646) - Current register: 1
261 21:49:46.477 105630 [DEBUG] [Thread-3] client.connection.Client$ReadMessagesFromServer.run(Client.java:422) - Movement message: communication.Message@40fdf65b
263 21:49:46.477 105630 [DEBUG] [JavaFX Application Thread] client.viewmodel.ViewModelGameWindow.lambda$robotSetPosition$5(ViewModelGameWindow.java:815) - In viewModel - X: 3 | Y: 3
265 21:49:46.477 105630 [DEBUG] [JavaFX Application Thread] client.viewmodel.ViewModelGameWindow.lambda$robotSetPosition$5(ViewModelGameWindow.java:828) - direction: EAST
267 21:49:46.477 105630 [DEBUG] [JavaFX Application Thread] client.viewmodel.ViewModelGameWindow.lambda$robotSetPosition$5(ViewModelGameWindow.java:829) - RobotID in viewModel: 1
269 21:49:47.981 107134 [DEBUG] [Thread-3] client.connection.Client$ReadMessagesFromServer.run(Client.java:437) - roboter turning
271 21:49:47.981 107134 [DEBUG] [Thread-3] client.viewmodel.ViewModelGameWindow.handleGameEvent(ViewModelGameWindow.java:646) - Current register: 2
273 21:49:54.588 113741 [DEBUG] [Thread-3] client.connection.Client$ReadMessagesFromServer.run(Client.java:437) - roboter turning
275 21:49:55.588 114741 [DEBUG] [Thread-3] client.connection.Client$ReadMessagesFromServer.run(Client.java:422) - Movement message: communication.Message@73ff085c
277 21:49:55.588 114741 [DEBUG] [JavaFX Application Thread] client.viewmodel.ViewModelGameWindow.lambda$robotSetPosition$5(ViewModelGameWindow.java:815) - In viewModel - X: 2 | Y: 0
279 21:49:55.588 114741 [DEBUG] [JavaFX Application Thread] client.viewmodel.ViewModelGameWindow.lambda$robotSetPosition$5(ViewModelGameWindow.java:828) - direction: NORTH
281 21:49:55.589 114742 [DEBUG] [JavaFX Application Thread] client.viewmodel.ViewModelGameWindow.lambda$robotSetPosition$5(ViewModelGameWindow.java:829) - RobotID in viewModel: 5
283 21:49:56.089 115242 [DEBUG] [JavaFX Application Thread] client.viewmodel.ViewModelGameWindow.getFirstFreeSlot(ViewModelGameWindow.java:897) - Slot 0 is empty
285 21:49:56.189 115342 [DEBUG] [JavaFX App285 21:49:56.289 123963 [DEBUG] [Thread-3] client.connection.Client$ReadMessagesFromServer.run(Client.java:422) - Moveme287 21:49:56.289 115442 [DEBUG] [Thread-3] c287 21:49:56.289 123963 [DEBUG] [JavaFX Application Thread] client.viewmodel.ViewModelGameWindow.lambda$robotSetPosition289 21:49:56.289 115442 [DEBUG] [JavaFX Application Thread] client.viewmodel.ViewModelGameWindow.lambda$robotSetPosition$5(ViewModelGameWindow.java:815) - In viewModel - X: 0 | Y: 0
291 21:49:56.291 115444 [DEBUG] [JavaFX Application Thread] client.viewmodel.ViewModelGameWindow.lambda$robotSetPosition$5(ViewModelGameWindow.java:828) - direction: NORTH
293 21:49:56.291 115444 [DEBUG] [JavaFX Application Thread] 293 21:49:56.891 124565 [DEBUG] [Thread-3] client.viewmodel.ViewModelGameWindow.handleGameEvent(ViewModelGameWindow.java295 21:49:56.891 116044 [DEBU295 21:50:04.505 132179 [DEBUG] [Thread-3] client.connection.Client$ReadMessagesFromServer.run(Client.java:422) - Moveme298 21:50:04.505 123658 [DEBUG] [Thread-3] client.connection.Client$ReadMessagesFromServer.run(Client.java:422) - Movement message: communication.Message@5b3be34c
297 21:50:04.505 123658 [DEBUG] [JavaFX Application Thread] client.viewmodel.ViewModelGameWindow.lambda$robotSetPosition$5(ViewModelGameWindow.java:815) - In viewModel - X: 3 | Y: 2
301 21:50:04.505 123658 [DEBUG] [JavaFX Application Thread] client.viewmodel.ViewModelGameWindow.lambda$robotSetPosition$5(ViewModelGameWindow.java:828) - direction: SOUTH
303 21:50:04.505 123658 [DEBUG] [Thread-3] client.viewmodel.ViewModelGameWindow.handleGameEvent(ViewModelGameWindow.java:646) - Current register: 4
304 21:50:04.505 123658 [DEBUG] [JavaFX Application Thread] 305 21:50:12.108 139782 [DEBUG] [Thread-3] client.connection.Client$ReadMessagesFromServer.run(Client.java:437) - robote307 21:50:1307 21:50:12.109 139783 [DEBUG] [Thread-3] client.viewmodel.ViewModelGameWindow.handleGameEvent(ViewModelGameWindow.java:646) - Current register: 5
309 21:50:17.714 145388 [DEBUG] [Thread-3] client.connection.Client$ReadMessagesFromServer.run(Client.java:352) - active311 21:50:1311 21:50:17.917 145591 [DEBUG] [Thread-3] client.connection.Client$ReadMessagesFromServer.run(Client.java:381) - NotYourCards: -Amount of cards: 0
313 21:50:18.019 145693 [DEBUG] [JavaFX Application Thread] client.model.ModelGame$1.onChanged(ModelGame.java:91) - changed list
314 21:50:18.019 145693 [DEBUG] [Thread-3] client.connection.Client$ReadMessagesFromServer.run(Client.java:377) - Client - myCards: TurnRight
317 21:50:18.019 145693 [DEBUG] [JavaFX Application Thread] client.viewmodel.ViewModelGameWindow.fillHandCards(ViewModelGameWindow.java:914) - VM - fillHandCards Start:
319 21:50:18.019 145693 [DEBUG] [Thread-3] client.connection.Client$ReadMessagesFromServer.run(Client.java:381) - NotYourCards: -Amount of cards: 0
321 21:50:18.019 145693 [DEBUG] [JavaFX Application Thread] client.model.ModelGame$1.onChanged(ModelGame.java:91) - changed list
323 21:50:18.019 145693 [DEBUG] [JavaFX Application Thread] client.viewmodel.ViewModelGameWindow.fillHandCards(ViewModelGameWindow.java:914) - VM - fillHandCards Start:
325 21:50:18.019 145693 [DEBUG] [JavaFX Application Thread] client.connection.Client$ReadMessagesFromServer.lambda$run$9(Client.java:373) - Client - cardsInHand: TurnRight
327 21:50:18.019 145693 [DEBUG] [JavaFX Application Thread] client.connection.Client$ReadMessagesFromServer.lambda$run$9(Client.java:373) - Client - cardsInHand: MoveI
329 21:50:18.019 145693 [DEBUG] [JavaFX Application Thread] client.connection.Client$ReadMessagesFromServer.lambda$run$9(Client.java:373) - Client - cardsInHand: MoveII
331 21:50:18.019 145693 [DEBUG] [JavaFX Application Thread] client.connection.Client$ReadMessagesFromServer.lambda$run$9(Client.java:373) - Client - cardsInHand: Again
333 21:50:18.019 145693 [DEBUG] [JavaFX Application Thread] client.connection.Client$ReadMessagesFromServer.lambda$run$9(Client.java:373) - Client - cardsInHand: TurnRight
335 21:50:18.019 145693 [DEBUG] [JavaFX Application Thread] client.connection.Client$ReadMessagesFromServer.lambda$run$9(Client.java:373) - Client - cardsInHand: BackUp
337 21:50:18.020 145694 [DEBUG] [JavaFX Application Thread] client.connection.Client$ReadMessagesFromServer.lambda$run$9(Client.java:373) - Client - cardsInHand: TurnLeft
339 21:50:18.020 145694 [DEBUG] [JavaFX Application Thread] client.connection.Client$ReadMessagesFromServer.lambda$run$9(Client.java:373) - Client - cardsInHand: TurnLeft
341 21:50:18.020 145694 [DEBUG] [JavaFX Application Thread] client.connection.Client$ReadMessagesFromServer.lambda$run$9(Client.java:373) - Client - cardsInHand: Again
343 21:50:18.020 145694 [DEBUG] [JavaFX Application Thread] client.viewmodel.ViewModelGameWindow.lambda$fillHandCards$6(ViewModelGameWindow.java:917) - VM - handGrid children size: 20
345 21:50:18.020 145694 [DEBUG] [JavaFX Application Thread] client.viewmodel.ViewModelGameWindow.lambda$fillHandCards$6(ViewModelGameWindow.java:1056) -  
347 21:50:18.021 145695 [DEBUG] [JavaFX Application Thread] client.viewmodel.ViewModelGameWindow.lambda$fillHandCards$6(ViewModelGameWindow.java:1059) - Pane[id=programCard1]
349 21:50:18.021 145695 [DEBUG] [JavaFX Application Thread] client.viewmodel.ViewModelGameWindow.lambda$fillHandCards$6(ViewModelGameWindow.java:1062) - VM - handpane now contains: []
351 21:50:18.021 145695 [DEBUG] [JavaFX Application Thread] client.viewmodel.ViewModelGameWindow.lambda$fillHandCards$6(ViewModelGameWindow.java:1059) - Pane[id=programCard2]
353 21:50:18.021 145695 [DEBUG] [JavaFX Application Thread] client.viewmodel.ViewModelGameWindow.lambda$fillHandCards$6(ViewModelGameWindow.java:1062) - VM - handpane now contains: []
355 21:50:18.021 145695 [DEBUG] [JavaFX Application Thread] client.viewmodel.ViewModelGameWindow.lambda$fillHandCards$6(ViewModelGameWindow.java:1059) - Pane[id=programCard3]
357 21:50:18.021 145695 [DEBUG] [JavaFX Application Thread] client.viewmodel.ViewModelGameWindow.lambda$fillHandCards$6(ViewModelGameWindow.java:1062) - VM - handpane now contains: []
359 21:50:18.021 145695 [DEBUG] [JavaFX Application Thread] client.viewmodel.ViewModelGameWindow.lambda$fillHandCards$6(ViewModelGameWindow.java:1059) - Pane[id=programCard4]
361 21:50:18.021 145695 [DEBUG] [JavaFX Application Thread] client.viewmodel.ViewModelGameWindow.lambda$fillHandCards$6(ViewModelGameWindow.java:1062) - VM - handpane now contains: []
363 21:50:18.021 145695 [DEBUG] [JavaFX Application Thread] client.viewmodel.ViewModelGameWindow.lambda$fillHandCards$6(ViewModelGameWindow.java:1059) - Pane[id=programCard5]
365 21:50:18.021 145695 [DEBUG] [JavaFX Application Thread] client.viewmodel.ViewModelGameWindow.lambda$fillHandCards$6(ViewModelGameWindow.java:1062) - VM - handpane now contains: []
367 21:50:18.021 145695 [DEBUG] [JavaFX Application Thread] client.viewmodel.ViewModelGameWindow.lambda$fillHandCards$6(ViewModelGameWindow.java:1059) - Pane[id=programCard6]
369 21:50:18.021 145695 [DEBUG] [JavaFX Application Thread] client.viewmodel.ViewModelGameWindow.lambda$fillHandCards$6(ViewModelGameWindow.java:1062) - VM - handpane now contains: []
371 21:50:18.022 145696 [DEBUG] [JavaFX Application Thread] client.viewmodel.ViewModelGameWindow.lambda$fillHandCards$6(ViewModelGameWindow.java:1059) - Pane[id=programCard7]
373 21:50:18.022 145696 [DEBUG] [JavaFX Application Thread] client.viewmodel.ViewModelGameWindow.lambda$fillHandCards$6(ViewModelGameWindow.java:1062) - VM - handpane now contains: []
375 21:50:18.022 145696 [DEBUG] [JavaFX Application Thread] client.viewmodel.ViewModelGameWindow.lambda$fillHandCards$6(ViewModelGameWindow.java:1059) - Pane[id=programCard8]
377 21:50:18.022 145696 [DEBUG] [JavaFX Application Thread] client.viewmodel.ViewModelGameWindow.lambda$fillHandCards$6(ViewModelGameWindow.java:1062) - VM - handpane now contains: []
379 21:50:18.022 145696 [DEBUG] [JavaFX Application Thread] client.viewmodel.ViewModelGameWindow.lambda$fillHandCards$6(ViewModelGameWindow.java:1059) - Pane[id=programCard9]
381 21:50:18.022 145696 [DEBUG] [JavaFX Application Thread] client.viewmodel.ViewModelGameWindow.lambda$fillHandCards$6(ViewModelGameWindow.java:1062) - VM - handpane now contains: []
383 21:50:18.022 145696 [DEBUG] [JavaFX Application Thread] client.viewmodel.ViewModelGameWindow.lambda$fillHandCards$6(ViewModelGameWindow.java:1059) - Pane[id=programCard10]
385 21:50:18.022 145696 [DEBUG] [JavaFX Application Thread] client.viewmodel.ViewModelGameWindow.lambda$fillHandCards$6(ViewModelGameWindow.java:1062) - VM - handpane now contains: []
387 21:50:18.022 145696 [DEBUG] [JavaFX Application Thread] client.viewmodel.ViewModelGameWindow.lambda$fillHandCards$6(ViewModelGameWindow.java:1059) - Pane[id=programCard11]
389 21:50:18.022 145696 [DEBUG] [JavaFX Application Thread] client.viewmodel.ViewModelGameWindow.lambda$fillHandCards$6(ViewModelGameWindow.java:1062) - VM - handpane now contains: []
391 21:50:18.023 145697 [DEBUG] [JavaFX Application Thread] client.viewmodel.ViewModelGameWindow.lambda$fillHandCards$6(ViewModelGameWindow.java:1059) - Pane[id=programCard12]
393 21:50:18.023 145697 [DEBUG] [JavaFX Application Thread] client.viewmodel.ViewModelGameWindow.lambda$fillHandCards$6(ViewModelGameWindow.java:1062) - VM - handpane now contains: []
395 21:50:18.023 145697 [DEBUG] [JavaFX Application Thread] client.viewmodel.ViewModelGameWindow.lambda$fillHandCards$6(ViewModelGameWindow.java:1059) - Pane[id=programCard13]
397 21:50:18.023 145697 [DEBUG] [JavaFX Application Thread] client.viewmodel.ViewModelGameWindow.lambda$fillHandCards$6(ViewModelGameWindow.java:1062) - VM - handpane now contains: []
399 21:50:18.023 145697 [DEBUG] [JavaFX Application Thread] client.viewmodel.ViewModelGameWindow.lambda$fillHandCards$6(ViewModelGameWindow.java:1059) - Pane[id=programCard14]
401 21:50:18.023 145697 [DEBUG] [JavaFX Application Thread] client.viewmodel.ViewModelGameWindow.lambda$fillHandCards$6(ViewModelGameWindow.java:1062) - VM - handpane now contains: []
403 21:50:18.023 145697 [DEBUG] [JavaFX Application Thread] client.viewmodel.ViewModelGameWindow.lambda$fillHandCards$6(ViewModelGameWindow.java:1059) - Pane[id=programCard15]
405 21:50:18.023 145697 [DEBUG] [JavaFX Application Thread] client.viewmodel.ViewModelGameWindow.lambda$fillHandCards$6(ViewModelGameWindow.java:1062) - VM - handpane now contains: []
407 21:50:18.023 145697 [DEBUG] [JavaFX Application Thread] client.viewmodel.ViewModelGameWindow.lambda$fillHandCards$6(ViewModelGameWindow.java:1059) - Pane[id=programCard16]
409 21:50:18.023 145697 [DEBUG] [JavaFX Application Thread] client.viewmodel.ViewModelGameWindow.lambda$fillHandCards$6(ViewModelGameWindow.java:1062) - VM - handpane now contains: []
411 21:50:18.023 145697 [DEBUG] [JavaFX Application Thread] client.viewmodel.ViewModelGameWindow.lambda$fillHandCards$6(ViewModelGameWindow.java:1059) - Pane[id=programCard17]
413 21:50:18.024 145698 [DEBUG] [JavaFX Application Thread] client.viewmodel.ViewModelGameWindow.lambda$fillHandCards$6(ViewModelGameWindow.java:1062) - VM - handpane now contains: []
415 21:50:18.024 145698 [DEBUG] [JavaFX Application Thread] client.viewmodel.ViewModelGameWindow.lambda$fillHandCards$6(ViewModelGameWindow.java:1059) - Pane[id=programCard18]
417 21:50:18.024 145698 [DEBUG] [JavaFX Application Thread] client.viewmodel.ViewModelGameWindow.lambda$fillHandCards$6(ViewModelGameWindow.java:1062) - VM - handpane now contains: []
419 21:50:18.024 145698 [DEBUG] [JavaFX Application Thread] client.viewmodel.ViewModelGameWindow.lambda$fillHandCards$6(ViewModelGameWindow.java:1059) - Pane[id=programCard19]
421 21:50:18.024 145698 [DEBUG] [JavaFX Application Thread] client.viewmodel.ViewModelGameWindow.lambda$fillHandCards$6(ViewModelGameWindow.java:1062) - VM - handpane now contains: []
423 21:50:18.024 145698 [DEBUG] [JavaFX Application Thread] client.viewmodel.ViewModelGameWindow.lambda$fillHandCards$6(ViewModelGameWindow.java:1059) - Pane[id=programCard20]
425 21:50:18.024 145698 [DEBUG] [JavaFX Application Thread] client.viewmodel.ViewModelGameWindow.lambda$fillHandCards$6(ViewModelGameWindow.java:1062) - VM - handpane now contains: []
427 21:50:18.025 145699 [DEBUG] [JavaFX Application Thread] client.viewmodel.ViewModelGameWindow.lambda$fillHandCards$6(ViewModelGameWindow.java:917) - VM - handGrid children size: 20
429 21:50:18.025 145699 [DEBUG] [JavaFX Application Thread] client.viewmodel.ViewModelGameWindow.getFirstFreeSlot(ViewModelGameWindow.java:897) - Slot 0 is empty
431 21:50:18.031 145705 [DEBUG] [JavaFX Application Thread] client.viewmodel.ViewModelGameWindow.getFirstFreeSlot(ViewModelGameWindow.java:897) - Slot 1 is empty
433 21:50:18.038 145712 [DEBUG] [JavaFX Application Thread] client.viewmodel.ViewModelGameWindow.getFirstFreeSlot(ViewModelGameWindow.java:897) - Slot 2 is empty
435 21:50:18.044 145718 [DEBUG] [JavaFX Application Thread] client.viewmodel.ViewModelGameWindow.getFirstFreeSlot(ViewModelGameWindow.java:897) - Slot 3 is empty
437 21:50:18.051 145725 [DEBUG] [JavaFX Application Thread] client.viewmodel.ViewModelGameWindow.getFirstFreeSlot(ViewModelGameWindow.java:897) - Slot 4 is empty
439 21:50:18.058 145732 [DEBUG] [JavaFX Application Thread] client.viewmodel.ViewModelGameWindow.getFirstFreeSlot(ViewModelGameWindow.java:897) - Slot 5 is empty
441 21:50:18.064 145738 [DEBUG] [JavaFX Application Thread] client.viewmodel.ViewModelGameWindow.getFirstFreeSlot(ViewModelGameWindow.java:897) - Slot 6 is empty
443 21:50:18.071 145745 [DEBUG] [JavaFX Application Thread] client.viewmodel.ViewModelGameWindow.getFirstFreeSlot(ViewModelGameWindow.java:897) - Slot 7 is empty
445 21:50:18.077 145751 [DEBUG] [JavaFX Application Thread] client.viewmodel.ViewModelGameWindow.getFirstFreeSlot(ViewModelGameWindow.java:897) - Slot 8 is empty
447 21:50:18.083 145757 [DEBUG] [JavaFX Application Thread] client.viewmodel.ViewModelGameWindow.lambda$fillHandCards$6(ViewModelGameWindow.java:1056) -  
449 21:50:18.084 145758 [DEBUG] [JavaFX Application Thread] client.viewmodel.ViewModelGameWindow.lambda$fillHandCards$6(ViewModelGameWindow.java:1059) - Pane[id=programCard1]
451 21:50:18.084 145758 [DEBUG] [JavaFX Application Thread] client.viewmodel.ViewModelGameWindow.lambda$fillHandCards$6(ViewModelGameWindow.java:1062) - VM - handpane now contains: [ImageView[id=TurnRight, styleClass=image-view]]
453 21:50:18.084 145758 [DEBUG] [JavaFX Application Thread] client.viewmodel.ViewModelGameWindow.lambda$fillHandCards$6(ViewModelGameWindow.java:1059) - Pane[id=programCard2]
455 21:50:18.084 145758 [DEBUG] [JavaFX Application Thread] client.viewmodel.ViewModelGameWindow.lambda$fillHandCards$6(ViewModelGameWindow.java:1062) - VM - handpane now contains: [ImageView[id=MoveI, styleClass=image-view]]
457 21:50:18.084 145758 [DEBUG] [JavaFX Application Thread] client.viewmodel.ViewModelGameWindow.lambda$fillHandCards$6(ViewModelGameWindow.java:1059) - Pane[id=programCard3]
459 21:50:18.084 145758 [DEBUG] [JavaFX Application Thread] client.viewmodel.ViewModelGameWindow.lambda$fillHandCards$6(ViewModelGameWindow.java:1062) - VM - handpane now contains: [ImageView[id=MoveII, styleClass=image-view]]
461 21:50:18.084 145758 [DEBUG] [JavaFX Application Thread] client.viewmodel.ViewModelGameWindow.lambda$fillHandCards$6(ViewModelGameWindow.java:1059) - Pane[id=programCard4]
463 21:50:18.084 145758 [DEBUG] [JavaFX Application Thread] client.viewmodel.ViewModelGameWindow.lambda$fillHandCards$6(ViewModelGameWindow.java:1062) - VM - handpane now contains: [ImageView[id=Again, styleClass=image-view]]
465 21:50:18.084 145758 [DEBUG] [JavaFX Application Thread] client.viewmodel.ViewModelGameWindow.lambda$fillHandCards$6(ViewModelGameWindow.java:1059) - Pane[id=programCard5]
467 21:50:18.085 145759 [DEBUG] [JavaFX Application Thread] client.viewmodel.ViewModelGameWindow.lambda$fillHandCards$6(ViewModelGameWindow.java:1062) - VM - handpane now contains: [ImageView[id=TurnRight, styleClass=image-view]]
469 21:50:18.085 145759 [DEBUG] [JavaFX Application Thread] client.viewmodel.ViewModelGameWindow.lambda$fillHandCards$6(ViewModelGameWindow.java:1059) - Pane[id=programCard6]
471 21:50:18.085 145759 [DEBUG] [JavaFX Application Thread] client.viewmodel.ViewModelGameWindow.lambda$fillHandCards$6(ViewModelGameWindow.java:1062) - VM - handpane now contains: [ImageView[id=BackUp, styleClass=image-view]]
473 21:50:18.085 145759 [DEBUG] [JavaFX Application Thread] client.viewmodel.ViewModelGameWindow.lambda$fillHandCards$6(ViewModelGameWindow.java:1059) - Pane[id=programCard7]
475 21:50:18.085 145759 [DEBUG] [JavaFX Application Thread] client.viewmodel.ViewModelGameWindow.lambda$fillHandCards$6(ViewModelGameWindow.java:1062) - VM - handpane now contains: [ImageView[id=TurnLeft, styleClass=image-view]]
477 21:50:18.085 145759 [DEBUG] [JavaFX Application Thread] client.viewmodel.ViewModelGameWindow.lambda$fillHandCards$6(ViewModelGameWindow.java:1059) - Pane[id=programCard8]
479 21:50:18.085 145759 [DEBUG] [JavaFX Application Thread] client.viewmodel.ViewModelGameWindow.lambda$fillHandCards$6(ViewModelGameWindow.java:1062) - VM - handpane now contains: [ImageView[id=TurnLeft, styleClass=image-view]]
481 21:50:18.085 145759 [DEBUG] [JavaFX Application Thread] client.viewmodel.ViewModelGameWindow.lambda$fillHandCards$6(ViewModelGameWindow.java:1059) - Pane[id=programCard9]
483 21:50:18.085 145759 [DEBUG] [JavaFX Application Thread] client.viewmodel.ViewModelGameWindow.lambda$fillHandCards$6(ViewModelGameWindow.java:1062) - VM - handpane now contains: [ImageView[id=Again, styleClass=image-view]]
485 21:50:18.085 145759 [DEBUG] [JavaFX Application Thread] client.viewmodel.ViewModelGameWindow.lambda$fillHandCards$6(ViewModelGameWindow.java:1059) - Pane[id=programCard10]
487 21:50:18.085 145759 [DEBUG] [JavaFX Application Thread] client.viewmodel.ViewModelGameWindow.lambda$fillHandCards$6(ViewModelGameWindow.java:1062) - VM - handpane now contains: []
489 21:50:18.085 145759 [DEBUG] [JavaFX Application Thread] client.viewmodel.ViewModelGameWindow.lambda$fillHandCards$6(ViewModelGameWindow.java:1059) - Pane[id=programCard11]
491 21:50:18.086 145760 [DEBUG] [JavaFX Application Thread] client.viewmodel.ViewModelGameWindow.lambda$fillHandCards$6(ViewModelGameWindow.java:1062) - VM - handpane now contains: []
493 21:50:18.086 145760 [DEBUG] [JavaFX Application Thread] client.viewmodel.ViewModelGameWindow.lambda$fillHandCards$6(ViewModelGameWindow.java:1059) - Pane[id=programCard12]
495 21:50:18.086 145760 [DEBUG] [JavaFX Application Thread] client.viewmodel.ViewModelGameWindow.lambda$fillHandCards$6(ViewModelGameWindow.java:1062) - VM - handpane now contains: []
497 21:50:18.086 145760 [DEBUG] [JavaFX Application Thread] client.viewmodel.ViewModelGameWindow.lambda$fillHandCards$6(ViewModelGameWindow.java:1059) - Pane[id=programCard13]
499 21:50:18.086 145760 [DEBUG] [JavaFX Application Thread] client.viewmodel.ViewModelGameWindow.lambda$fillHandCards$6(ViewModelGameWindow.java:1062) - VM - handpane now contains: []
501 21:50:18.086 145760 [DEBUG] [JavaFX Application Thread] client.viewmodel.ViewModelGameWindow.lambda$fillHandCards$6(ViewModelGameWindow.java:1059) - Pane[id=programCard14]
503 21:50:18.086 145760 [DEBUG] [JavaFX Application Thread] client.viewmodel.ViewModelGameWindow.lambda$fillHandCards$6(ViewModelGameWindow.java:1062) - VM - handpane now contains: []
505 21:50:18.086 145760 [DEBUG] [JavaFX Application Thread] client.viewmodel.ViewModelGameWindow.lambda$fillHandCards$6(ViewModelGameWindow.java:1059) - Pane[id=programCard15]
507 21:50:18.086 145760 [DEBUG] [JavaFX Application Thread] client.viewmodel.ViewModelGameWindow.lambda$fillHandCards$6(ViewModelGameWindow.java:1062) - VM - handpane now contains: []
509 21:50:18.086 145760 [DEBUG] [JavaFX Application Thread] client.viewmodel.ViewModelGameWindow.lambda$fillHandCards$6(ViewModelGameWindow.java:1059) - Pane[id=programCard16]
511 21:50:18.087 145761 [DEBUG] [JavaFX Application Thread] client.viewmodel.ViewModelGameWindow.lambda$fillHandCards$6(ViewModelGameWindow.java:1062) - VM - handpane now contains: []
513 21:50:18.087 145761 [DEBUG] [JavaFX Application Thread] client.viewmodel.ViewModelGameWindow.lambda$fillHandCards$6(ViewModelGameWindow.java:1059) - Pane[id=programCard17]
515 21:50:18.087 145761 [DEBUG] [JavaFX Application Thread] client.viewmodel.ViewModelGameWindow.lambda$fillHandCards$6(ViewModelGameWindow.java:1062) - VM - handpane now contains: []
517 21:50:18.087 145761 [DEBUG] [JavaFX Application Thread] client.viewmodel.ViewModelGameWindow.lambda$fillHandCards$6(ViewModelGameWindow.java:1059) - Pane[id=programCard18]
519 21:50:18.088 145762 [DEBUG] [JavaFX Application Thread] client.viewmodel.ViewModelGameWindow.lambda$fillHandCards$6(ViewModelGameWindow.java:1062) - VM - handpane now contains: []
521 21:50:18.088 145762 [DEBUG] [JavaFX Application Thread] client.viewmodel.ViewModelGameWindow.lambda$fillHandCards$6(ViewModelGameWindow.java:1059) - Pane[id=programCard19]
523 21:50:18.088 145762 [DEBUG] [JavaFX Application Thread] client.viewmodel.ViewModelGameWindow.lambda$fillHandCards$6(ViewModelGameWindow.java:1062) - VM - handpane now contains: []
525 21:50:18.088 145762 [DEBUG] [JavaFX Application Thread] client.viewmodel.ViewModelGameWindow.lambda$fillHandCards$6(ViewModelGameWindow.java:1059) - Pane[id=programCard20]
527 21:50:18.088 145762 [DEBUG] [JavaFX Application Thread] client.viewmodel.ViewModelGameWindow.lambda$fillHandCards$6(ViewModelGameWindow.java:1062) - VM - handpane now contains: []
 client.connection.Client$ReadMessagesFromServer.run(Client.java:381) - NotYourCards: -Amount of cards: 0
